\BOOKMARK [1][-]{section.1}{\376\377\000E\000x\000e\000c\000u\000t\000i\000v\000e\000\040\000S\000u\000m\000m\000a\000r\000y}{}% 1
\BOOKMARK [2][-]{subsection.1.1}{\376\377\000P\000r\000o\000b\000l\000e\000m\000\040\000S\000t\000a\000t\000e\000m\000e\000n\000t}{section.1}% 2
\BOOKMARK [2][-]{subsection.1.2}{\376\377\000P\000r\000o\000p\000o\000s\000e\000d\000\040\000S\000o\000l\000u\000t\000i\000o\000n}{section.1}% 3
\BOOKMARK [2][-]{subsection.1.3}{\376\377\000K\000e\000y\000\040\000B\000e\000n\000e\000f\000i\000t\000s}{section.1}% 4
\BOOKMARK [3][-]{subsubsection.1.3.1}{\376\377\000T\000e\000c\000h\000n\000i\000c\000a\000l\000\040\000B\000e\000n\000e\000f\000i\000t\000s}{subsection.1.3}% 5
\BOOKMARK [3][-]{subsubsection.1.3.2}{\376\377\000B\000u\000s\000i\000n\000e\000s\000s\000\040\000B\000e\000n\000e\000f\000i\000t\000s}{subsection.1.3}% 6
\BOOKMARK [3][-]{subsubsection.1.3.3}{\376\377\000U\000s\000e\000r\000\040\000B\000e\000n\000e\000f\000i\000t\000s}{subsection.1.3}% 7
\BOOKMARK [2][-]{subsection.1.4}{\376\377\000T\000e\000c\000h\000n\000o\000l\000o\000g\000y\000\040\000A\000g\000r\000e\000e\000m\000e\000n\000t\000\040\000F\000o\000c\000u\000s}{section.1}% 8
\BOOKMARK [2][-]{subsection.1.5}{\376\377\000S\000u\000c\000c\000e\000s\000s\000\040\000M\000e\000t\000r\000i\000c\000s}{section.1}% 9
\BOOKMARK [1][-]{section.2}{\376\377\000P\000r\000o\000b\000l\000e\000m\000\040\000S\000t\000a\000t\000e\000m\000e\000n\000t\000\040\000\046\000\040\000S\000c\000o\000p\000e}{}% 10
\BOOKMARK [2][-]{subsection.2.1}{\376\377\000D\000e\000t\000a\000i\000l\000e\000d\000\040\000P\000r\000o\000b\000l\000e\000m\000\040\000A\000n\000a\000l\000y\000s\000i\000s}{section.2}% 11
\BOOKMARK [3][-]{subsubsection.2.1.1}{\376\377\000C\000u\000r\000r\000e\000n\000t\000\040\000S\000t\000a\000t\000e\000\040\000o\000f\000\040\000C\000o\000n\000t\000r\000a\000c\000t\000\040\000A\000n\000a\000l\000y\000s\000i\000s}{subsection.2.1}% 12
\BOOKMARK [3][-]{subsubsection.2.1.2}{\376\377\000L\000i\000m\000i\000t\000a\000t\000i\000o\000n\000s\000\040\000o\000f\000\040\000E\000x\000i\000s\000t\000i\000n\000g\000\040\000A\000I\000\040\000S\000o\000l\000u\000t\000i\000o\000n\000s}{subsection.2.1}% 13
\BOOKMARK [3][-]{subsubsection.2.1.3}{\376\377\000K\000n\000o\000w\000l\000e\000d\000g\000e\000\040\000G\000r\000a\000p\000h\000\040\000S\000o\000l\000u\000t\000i\000o\000n\000\040\000A\000d\000v\000a\000n\000t\000a\000g\000e\000s}{subsection.2.1}% 14
\BOOKMARK [2][-]{subsection.2.2}{\376\377\000S\000c\000o\000p\000e\000\040\000D\000e\000f\000i\000n\000i\000t\000i\000o\000n}{section.2}% 15
\BOOKMARK [3][-]{subsubsection.2.2.1}{\376\377\000I\000n\000\040\000S\000c\000o\000p\000e}{subsection.2.2}% 16
\BOOKMARK [3][-]{subsubsection.2.2.2}{\376\377\000O\000u\000t\000\040\000o\000f\000\040\000S\000c\000o\000p\000e\000\040\000\050\000F\000u\000t\000u\000r\000e\000\040\000W\000o\000r\000k\000\051}{subsection.2.2}% 17
\BOOKMARK [2][-]{subsection.2.3}{\376\377\000T\000a\000r\000g\000e\000t\000\040\000U\000s\000e\000\040\000C\000a\000s\000e\000s}{section.2}% 18
\BOOKMARK [3][-]{subsubsection.2.3.1}{\376\377\000U\000s\000e\000\040\000C\000a\000s\000e\000\040\0001\000:\000\040\000A\000u\000t\000o\000m\000a\000t\000e\000d\000\040\000C\000o\000n\000t\000r\000a\000c\000t\000\040\000Q\000\046\000A}{subsection.2.3}% 19
\BOOKMARK [3][-]{subsubsection.2.3.2}{\376\377\000U\000s\000e\000\040\000C\000a\000s\000e\000\040\0002\000:\000\040\000R\000i\000s\000k\000\040\000A\000n\000a\000l\000y\000s\000i\000s\000\040\000D\000a\000s\000h\000b\000o\000a\000r\000d}{subsection.2.3}% 20
\BOOKMARK [3][-]{subsubsection.2.3.3}{\376\377\000U\000s\000e\000\040\000C\000a\000s\000e\000\040\0003\000:\000\040\000C\000o\000n\000t\000r\000a\000c\000t\000\040\000C\000o\000m\000p\000a\000r\000i\000s\000o\000n}{subsection.2.3}% 21
\BOOKMARK [3][-]{subsubsection.2.3.4}{\376\377\000U\000s\000e\000\040\000C\000a\000s\000e\000\040\0004\000:\000\040\000C\000o\000m\000p\000l\000i\000a\000n\000c\000e\000\040\000V\000e\000r\000i\000f\000i\000c\000a\000t\000i\000o\000n}{subsection.2.3}% 22
\BOOKMARK [3][-]{subsubsection.2.3.5}{\376\377\000U\000s\000e\000\040\000C\000a\000s\000e\000\040\0005\000:\000\040\000D\000u\000e\000\040\000D\000i\000l\000i\000g\000e\000n\000c\000e\000\040\000A\000c\000c\000e\000l\000e\000r\000a\000t\000i\000o\000n}{subsection.2.3}% 23
\BOOKMARK [1][-]{section.3}{\376\377\000S\000y\000s\000t\000e\000m\000\040\000A\000r\000c\000h\000i\000t\000e\000c\000t\000u\000r\000e}{}% 24
\BOOKMARK [2][-]{subsection.3.1}{\376\377\000A\000r\000c\000h\000i\000t\000e\000c\000t\000u\000r\000e\000\040\000O\000v\000e\000r\000v\000i\000e\000w}{section.3}% 25
\BOOKMARK [2][-]{subsection.3.2}{\376\377\000S\000t\000a\000g\000e\000\040\0001\000:\000\040\000K\000n\000o\000w\000l\000e\000d\000g\000e\000\040\000E\000x\000t\000r\000a\000c\000t\000i\000o\000n}{section.3}% 26
\BOOKMARK [3][-]{subsubsection.3.2.1}{\376\377\000P\000u\000r\000p\000o\000s\000e}{subsection.3.2}% 27
\BOOKMARK [3][-]{subsubsection.3.2.2}{\376\377\000I\000n\000p\000u\000t\000\040\000P\000r\000o\000c\000e\000s\000s\000i\000n\000g}{subsection.3.2}% 28
\BOOKMARK [3][-]{subsubsection.3.2.3}{\376\377\000T\000w\000o\000-\000S\000t\000e\000p\000\040\000E\000x\000t\000r\000a\000c\000t\000i\000o\000n\000\040\000P\000r\000o\000c\000e\000s\000s}{subsection.3.2}% 29
\BOOKMARK [3][-]{subsubsection.3.2.4}{\376\377\000C\000U\000A\000D\000\040\000I\000n\000t\000e\000g\000r\000a\000t\000i\000o\000n}{subsection.3.2}% 30
\BOOKMARK [3][-]{subsubsection.3.2.5}{\376\377\000L\000L\000M\000\040\000C\000o\000n\000f\000i\000g\000u\000r\000a\000t\000i\000o\000n}{subsection.3.2}% 31
\BOOKMARK [3][-]{subsubsection.3.2.6}{\376\377\000O\000u\000t\000p\000u\000t\000\040\000F\000o\000r\000m\000a\000t}{subsection.3.2}% 32
\BOOKMARK [3][-]{subsubsection.3.2.7}{\376\377\000P\000e\000r\000f\000o\000r\000m\000a\000n\000c\000e\000\040\000T\000a\000r\000g\000e\000t\000s}{subsection.3.2}% 33
\BOOKMARK [2][-]{subsection.3.3}{\376\377\000S\000t\000a\000g\000e\000\040\0002\000:\000\040\000K\000n\000o\000w\000l\000e\000d\000g\000e\000\040\000A\000g\000g\000r\000e\000g\000a\000t\000i\000o\000n}{section.3}% 34
\BOOKMARK [3][-]{subsubsection.3.3.1}{\376\377\000P\000u\000r\000p\000o\000s\000e}{subsection.3.3}% 35
\BOOKMARK [3][-]{subsubsection.3.3.2}{\376\377\000A\000g\000g\000r\000e\000g\000a\000t\000i\000o\000n\000\040\000D\000i\000m\000e\000n\000s\000i\000o\000n\000s}{subsection.3.3}% 36
\BOOKMARK [3][-]{subsubsection.3.3.3}{\376\377\000N\000o\000r\000m\000a\000l\000i\000z\000a\000t\000i\000o\000n\000\040\000P\000r\000o\000c\000e\000s\000s}{subsection.3.3}% 37
\BOOKMARK [3][-]{subsubsection.3.3.4}{\376\377\000D\000e\000d\000u\000p\000l\000i\000c\000a\000t\000i\000o\000n}{subsection.3.3}% 38
\BOOKMARK [3][-]{subsubsection.3.3.5}{\376\377\000O\000u\000t\000p\000u\000t\000\040\000S\000t\000a\000t\000i\000s\000t\000i\000c\000s}{subsection.3.3}% 39
\BOOKMARK [3][-]{subsubsection.3.3.6}{\376\377\000P\000e\000r\000f\000o\000r\000m\000a\000n\000c\000e\000\040\000T\000a\000r\000g\000e\000t\000s}{subsection.3.3}% 40
\BOOKMARK [2][-]{subsection.3.4}{\376\377\000S\000t\000a\000g\000e\000\040\0003\000:\000\040\000E\000n\000t\000i\000t\000y\000\040\000a\000n\000d\000\040\000E\000d\000g\000e\000\040\000R\000e\000s\000o\000l\000u\000t\000i\000o\000n}{section.3}% 41
\BOOKMARK [3][-]{subsubsection.3.4.1}{\376\377\000P\000u\000r\000p\000o\000s\000e}{subsection.3.4}% 42
\BOOKMARK [3][-]{subsubsection.3.4.2}{\376\377\000F\000i\000v\000e\000-\000S\000t\000e\000p\000\040\000R\000e\000s\000o\000l\000u\000t\000i\000o\000n\000\040\000A\000l\000g\000o\000r\000i\000t\000h\000m}{subsection.3.4}% 43
\BOOKMARK [3][-]{subsubsection.3.4.3}{\376\377\000C\000a\000n\000o\000n\000i\000c\000a\000l\000\040\000E\000n\000t\000i\000t\000y\000\040\000E\000x\000a\000m\000p\000l\000e\000s}{subsection.3.4}% 44
\BOOKMARK [3][-]{subsubsection.3.4.4}{\376\377\000E\000d\000g\000e\000\040\000R\000e\000s\000o\000l\000u\000t\000i\000o\000n}{subsection.3.4}% 45
\BOOKMARK [3][-]{subsubsection.3.4.5}{\376\377\000R\000e\000s\000o\000l\000u\000t\000i\000o\000n\000\040\000O\000u\000t\000p\000u\000t}{subsection.3.4}% 46
\BOOKMARK [3][-]{subsubsection.3.4.6}{\376\377\000Q\000u\000a\000l\000i\000t\000y\000\040\000M\000e\000t\000r\000i\000c\000s}{subsection.3.4}% 47
\BOOKMARK [3][-]{subsubsection.3.4.7}{\376\377\000P\000e\000r\000f\000o\000r\000m\000a\000n\000c\000e\000\040\000T\000a\000r\000g\000e\000t\000s}{subsection.3.4}% 48
\BOOKMARK [2][-]{subsection.3.5}{\376\377\000K\000n\000o\000w\000l\000e\000d\000g\000e\000\040\000G\000r\000a\000p\000h\000\040\000S\000t\000o\000r\000a\000g\000e}{section.3}% 49
\BOOKMARK [3][-]{subsubsection.3.5.1}{\376\377\000D\000a\000t\000a\000b\000a\000s\000e\000\040\000S\000e\000l\000e\000c\000t\000i\000o\000n}{subsection.3.5}% 50
\BOOKMARK [3][-]{subsubsection.3.5.2}{\376\377\000S\000c\000h\000e\000m\000a\000\040\000I\000m\000p\000l\000e\000m\000e\000n\000t\000a\000t\000i\000o\000n}{subsection.3.5}% 51
\BOOKMARK [3][-]{subsubsection.3.5.3}{\376\377\000I\000n\000d\000e\000x\000i\000n\000g\000\040\000S\000t\000r\000a\000t\000e\000g\000y}{subsection.3.5}% 52
\BOOKMARK [2][-]{subsection.3.6}{\376\377\000L\000L\000M\000\040\000I\000n\000t\000e\000g\000r\000a\000t\000i\000o\000n\000\040\000L\000a\000y\000e\000r}{section.3}% 53
\BOOKMARK [3][-]{subsubsection.3.6.1}{\376\377\000P\000u\000r\000p\000o\000s\000e}{subsection.3.6}% 54
\BOOKMARK [3][-]{subsubsection.3.6.2}{\376\377\000Q\000u\000e\000r\000y\000\040\000P\000r\000o\000c\000e\000s\000s\000i\000n\000g\000\040\000P\000i\000p\000e\000l\000i\000n\000e}{subsection.3.6}% 55
\BOOKMARK [3][-]{subsubsection.3.6.3}{\376\377\000A\000P\000I\000\040\000E\000n\000d\000p\000o\000i\000n\000t\000s}{subsection.3.6}% 56
\BOOKMARK [1][-]{section.4}{\376\377\000O\000n\000t\000o\000l\000o\000g\000y\000\040\000S\000p\000e\000c\000i\000f\000i\000c\000a\000t\000i\000o\000n\000s}{}% 57
\BOOKMARK [2][-]{subsection.4.1}{\376\377\000O\000v\000e\000r\000v\000i\000e\000w}{section.4}% 58
\BOOKMARK [2][-]{subsection.4.2}{\376\377\000E\000n\000t\000i\000t\000y\000\040\000T\000y\000p\000e\000s\000\040\000\050\000N\000o\000d\000e\000s\000\051}{section.4}% 59
\BOOKMARK [3][-]{subsubsection.4.2.1}{\376\377\0001\000.\000\040\000P\000a\000r\000t\000y}{subsection.4.2}% 60
\BOOKMARK [3][-]{subsubsection.4.2.2}{\376\377\0002\000.\000\040\000I\000P\000A\000s\000s\000e\000t}{subsection.4.2}% 61
\BOOKMARK [3][-]{subsubsection.4.2.3}{\376\377\0003\000.\000\040\000O\000b\000l\000i\000g\000a\000t\000i\000o\000n}{subsection.4.2}% 62
\BOOKMARK [3][-]{subsubsection.4.2.4}{\376\377\0004\000.\000\040\000R\000e\000s\000t\000r\000i\000c\000t\000i\000o\000n}{subsection.4.2}% 63
\BOOKMARK [3][-]{subsubsection.4.2.5}{\376\377\0005\000.\000\040\000L\000i\000a\000b\000i\000l\000i\000t\000y\000P\000r\000o\000v\000i\000s\000i\000o\000n}{subsection.4.2}% 64
\BOOKMARK [3][-]{subsubsection.4.2.6}{\376\377\0006\000.\000\040\000T\000e\000m\000p\000o\000r\000a\000l}{subsection.4.2}% 65
\BOOKMARK [3][-]{subsubsection.4.2.7}{\376\377\0007\000.\000\040\000J\000u\000r\000i\000s\000d\000i\000c\000t\000i\000o\000n}{subsection.4.2}% 66
\BOOKMARK [3][-]{subsubsection.4.2.8}{\376\377\0008\000.\000\040\000C\000o\000n\000t\000r\000a\000c\000t\000C\000l\000a\000u\000s\000e}{subsection.4.2}% 67
\BOOKMARK [2][-]{subsection.4.3}{\376\377\000R\000e\000l\000a\000t\000i\000o\000n\000s\000h\000i\000p\000\040\000T\000y\000p\000e\000s\000\040\000\050\000E\000d\000g\000e\000s\000\051}{section.4}% 68
\BOOKMARK [3][-]{subsubsection.4.3.1}{\376\377\0001\000.\000\040\000L\000I\000C\000E\000N\000S\000E\000S\000\137\000T\000O}{subsection.4.3}% 69
\BOOKMARK [3][-]{subsubsection.4.3.2}{\376\377\0002\000.\000\040\000O\000W\000N\000S}{subsection.4.3}% 70
\BOOKMARK [3][-]{subsubsection.4.3.3}{\376\377\0003\000.\000\040\000A\000S\000S\000I\000G\000N\000S}{subsection.4.3}% 71
\BOOKMARK [3][-]{subsubsection.4.3.4}{\376\377\0004\000.\000\040\000H\000A\000S\000\137\000O\000B\000L\000I\000G\000A\000T\000I\000O\000N}{subsection.4.3}% 72
\BOOKMARK [3][-]{subsubsection.4.3.5}{\376\377\0005\000.\000\040\000S\000U\000B\000J\000E\000C\000T\000\137\000T\000O\000\137\000R\000E\000S\000T\000R\000I\000C\000T\000I\000O\000N}{subsection.4.3}% 73
\BOOKMARK [3][-]{subsubsection.4.3.6}{\376\377\0006\000.\000\040\000H\000A\000S\000\137\000L\000I\000A\000B\000I\000L\000I\000T\000Y}{subsection.4.3}% 74
\BOOKMARK [3][-]{subsubsection.4.3.7}{\376\377\0007\000.\000\040\000G\000O\000V\000E\000R\000N\000E\000D\000\137\000B\000Y}{subsection.4.3}% 75
\BOOKMARK [3][-]{subsubsection.4.3.8}{\376\377\0008\000.\000\040\000E\000F\000F\000E\000C\000T\000I\000V\000E\000\137\000O\000N}{subsection.4.3}% 76
\BOOKMARK [3][-]{subsubsection.4.3.9}{\376\377\0009\000.\000\040\000T\000E\000R\000M\000I\000N\000A\000T\000E\000S\000\137\000O\000N}{subsection.4.3}% 77
\BOOKMARK [3][-]{subsubsection.4.3.10}{\376\377\0001\0000\000.\000\040\000C\000O\000N\000T\000A\000I\000N\000S\000\137\000C\000L\000A\000U\000S\000E}{subsection.4.3}% 78
\BOOKMARK [2][-]{subsection.4.4}{\376\377\000C\000o\000m\000m\000o\000n\000\040\000L\000a\000w\000\040\000A\000l\000i\000g\000n\000m\000e\000n\000t}{section.4}% 79
\BOOKMARK [3][-]{subsubsection.4.4.1}{\376\377\000K\000e\000y\000\040\000P\000r\000i\000n\000c\000i\000p\000l\000e\000s\000\040\000E\000m\000b\000e\000d\000d\000e\000d\000\040\000i\000n\000\040\000O\000n\000t\000o\000l\000o\000g\000y}{subsection.4.4}% 80
\BOOKMARK [3][-]{subsubsection.4.4.2}{\376\377\000J\000u\000r\000i\000s\000d\000i\000c\000t\000i\000o\000n\000a\000l\000\040\000T\000a\000g\000g\000i\000n\000g}{subsection.4.4}% 81
\BOOKMARK [1][-]{section.5}{\376\377\000T\000e\000c\000h\000n\000i\000c\000a\000l\000\040\000I\000m\000p\000l\000e\000m\000e\000n\000t\000a\000t\000i\000o\000n\000\040\000P\000l\000a\000n}{}% 82
\BOOKMARK [2][-]{subsection.5.1}{\376\377\000D\000e\000v\000e\000l\000o\000p\000m\000e\000n\000t\000\040\000R\000o\000a\000d\000m\000a\000p}{section.5}% 83
\BOOKMARK [2][-]{subsection.5.2}{\376\377\000P\000h\000a\000s\000e\000\040\0001\000:\000\040\000P\000r\000o\000t\000o\000t\000y\000p\000e\000\040\000\050\0004\040\023\0006\000\040\000w\000e\000e\000k\000s\000\051}{section.5}% 84
\BOOKMARK [3][-]{subsubsection.5.2.1}{\376\377\000G\000o\000a\000l\000s}{subsection.5.2}% 85
\BOOKMARK [3][-]{subsubsection.5.2.2}{\376\377\000W\000e\000e\000k\000-\000b\000y\000-\000W\000e\000e\000k\000\040\000P\000l\000a\000n}{subsection.5.2}% 86
\BOOKMARK [3][-]{subsubsection.5.2.3}{\376\377\000P\000h\000a\000s\000e\000\040\0001\000\040\000D\000e\000l\000i\000v\000e\000r\000a\000b\000l\000e\000s}{subsection.5.2}% 87
\BOOKMARK [3][-]{subsubsection.5.2.4}{\376\377\000S\000u\000c\000c\000e\000s\000s\000\040\000C\000r\000i\000t\000e\000r\000i\000a}{subsection.5.2}% 88
\BOOKMARK [2][-]{subsection.5.3}{\376\377\000P\000h\000a\000s\000e\000\040\0002\000:\000\040\000S\000c\000a\000l\000e\000\040\000a\000n\000d\000\040\000O\000p\000t\000i\000m\000i\000z\000e\000\040\000\050\0006\040\023\0008\000\040\000w\000e\000e\000k\000s\000\051}{section.5}% 89
\BOOKMARK [3][-]{subsubsection.5.3.1}{\376\377\000G\000o\000a\000l\000s}{subsection.5.3}% 90
\BOOKMARK [3][-]{subsubsection.5.3.2}{\376\377\000M\000i\000l\000e\000s\000t\000o\000n\000e\000s}{subsection.5.3}% 91
\BOOKMARK [3][-]{subsubsection.5.3.3}{\376\377\000P\000h\000a\000s\000e\000\040\0002\000\040\000D\000e\000l\000i\000v\000e\000r\000a\000b\000l\000e\000s}{subsection.5.3}% 92
\BOOKMARK [3][-]{subsubsection.5.3.4}{\376\377\000S\000u\000c\000c\000e\000s\000s\000\040\000C\000r\000i\000t\000e\000r\000i\000a}{subsection.5.3}% 93
\BOOKMARK [2][-]{subsection.5.4}{\376\377\000P\000h\000a\000s\000e\000\040\0003\000:\000\040\000P\000r\000o\000d\000u\000c\000t\000\040\000I\000n\000t\000e\000g\000r\000a\000t\000i\000o\000n\000\040\000\050\0004\040\023\0006\000\040\000w\000e\000e\000k\000s\000\051}{section.5}% 94
\BOOKMARK [3][-]{subsubsection.5.4.1}{\376\377\000G\000o\000a\000l\000s}{subsection.5.4}% 95
\BOOKMARK [3][-]{subsubsection.5.4.2}{\376\377\000M\000i\000l\000e\000s\000t\000o\000n\000e\000s}{subsection.5.4}% 96
\BOOKMARK [3][-]{subsubsection.5.4.3}{\376\377\000P\000h\000a\000s\000e\000\040\0003\000\040\000D\000e\000l\000i\000v\000e\000r\000a\000b\000l\000e\000s}{subsection.5.4}% 97
\BOOKMARK [3][-]{subsubsection.5.4.4}{\376\377\000S\000u\000c\000c\000e\000s\000s\000\040\000C\000r\000i\000t\000e\000r\000i\000a}{subsection.5.4}% 98
\BOOKMARK [2][-]{subsection.5.5}{\376\377\000P\000h\000a\000s\000e\000\040\0004\000:\000\040\000E\000n\000h\000a\000n\000c\000e\000m\000e\000n\000t\000\040\000a\000n\000d\000\040\000E\000x\000p\000a\000n\000s\000i\000o\000n\000\040\000\050\000O\000n\000g\000o\000i\000n\000g\000\051}{section.5}% 99
\BOOKMARK [3][-]{subsubsection.5.5.1}{\376\377\000A\000r\000e\000a\000s\000\040\000f\000o\000r\000\040\000C\000o\000n\000t\000i\000n\000u\000o\000u\000s\000\040\000I\000m\000p\000r\000o\000v\000e\000m\000e\000n\000t}{subsection.5.5}% 100
\BOOKMARK [2][-]{subsection.5.6}{\376\377\000T\000e\000c\000h\000n\000o\000l\000o\000g\000y\000\040\000S\000t\000a\000c\000k}{section.5}% 101
\BOOKMARK [2][-]{subsection.5.7}{\376\377\000I\000n\000f\000r\000a\000s\000t\000r\000u\000c\000t\000u\000r\000e\000\040\000R\000e\000q\000u\000i\000r\000e\000m\000e\000n\000t\000s}{section.5}% 102
\BOOKMARK [3][-]{subsubsection.5.7.1}{\376\377\000C\000o\000m\000p\000u\000t\000e}{subsection.5.7}% 103
\BOOKMARK [3][-]{subsubsection.5.7.2}{\376\377\000S\000t\000o\000r\000a\000g\000e}{subsection.5.7}% 104
\BOOKMARK [3][-]{subsubsection.5.7.3}{\376\377\000D\000e\000p\000l\000o\000y\000m\000e\000n\000t\000\040\000O\000p\000t\000i\000o\000n\000s}{subsection.5.7}% 105
\BOOKMARK [1][-]{section.6}{\376\377\000S\000u\000c\000c\000e\000s\000s\000\040\000M\000e\000t\000r\000i\000c\000s\000\040\000\046\000\040\000R\000i\000s\000k\000\040\000A\000n\000a\000l\000y\000s\000i\000s}{}% 106
\BOOKMARK [2][-]{subsection.6.1}{\376\377\000S\000u\000c\000c\000e\000s\000s\000\040\000M\000e\000t\000r\000i\000c\000s}{section.6}% 107
\BOOKMARK [3][-]{subsubsection.6.1.1}{\376\377\000T\000e\000c\000h\000n\000i\000c\000a\000l\000\040\000M\000e\000t\000r\000i\000c\000s}{subsection.6.1}% 108
\BOOKMARK [3][-]{subsubsection.6.1.2}{\376\377\000B\000u\000s\000i\000n\000e\000s\000s\000\040\000M\000e\000t\000r\000i\000c\000s}{subsection.6.1}% 109
\BOOKMARK [3][-]{subsubsection.6.1.3}{\376\377\000L\000e\000g\000a\000l\000\040\000M\000e\000t\000r\000i\000c\000s}{subsection.6.1}% 110
\BOOKMARK [2][-]{subsection.6.2}{\376\377\000R\000i\000s\000k\000\040\000A\000n\000a\000l\000y\000s\000i\000s\000\040\000a\000n\000d\000\040\000M\000i\000t\000i\000g\000a\000t\000i\000o\000n}{section.6}% 111
\BOOKMARK [3][-]{subsubsection.6.2.1}{\376\377\000T\000e\000c\000h\000n\000i\000c\000a\000l\000\040\000R\000i\000s\000k\000s}{subsection.6.2}% 112
\BOOKMARK [3][-]{subsubsection.6.2.2}{\376\377\000L\000e\000g\000a\000l\000\040\000R\000i\000s\000k\000s}{subsection.6.2}% 113
\BOOKMARK [3][-]{subsubsection.6.2.3}{\376\377\000B\000u\000s\000i\000n\000e\000s\000s\000\040\000R\000i\000s\000k\000s}{subsection.6.2}% 114
\BOOKMARK [2][-]{subsection.6.3}{\376\377\000Q\000u\000a\000l\000i\000t\000y\000\040\000A\000s\000s\000u\000r\000a\000n\000c\000e\000\040\000P\000r\000o\000c\000e\000s\000s}{section.6}% 115
\BOOKMARK [3][-]{subsubsection.6.3.1}{\376\377\000T\000e\000s\000t\000i\000n\000g\000\040\000S\000t\000r\000a\000t\000e\000g\000y}{subsection.6.3}% 116
\BOOKMARK [3][-]{subsubsection.6.3.2}{\376\377\000C\000o\000n\000t\000i\000n\000u\000o\000u\000s\000\040\000M\000o\000n\000i\000t\000o\000r\000i\000n\000g}{subsection.6.3}% 117
\BOOKMARK [2][-]{subsection.6.4}{\376\377\000E\000t\000h\000i\000c\000a\000l\000\040\000C\000o\000n\000s\000i\000d\000e\000r\000a\000t\000i\000o\000n\000s}{section.6}% 118
\BOOKMARK [3][-]{subsubsection.6.4.1}{\376\377\000T\000r\000a\000n\000s\000p\000a\000r\000e\000n\000c\000y}{subsection.6.4}% 119
\BOOKMARK [3][-]{subsubsection.6.4.2}{\376\377\000B\000i\000a\000s\000\040\000a\000n\000d\000\040\000F\000a\000i\000r\000n\000e\000s\000s}{subsection.6.4}% 120
\BOOKMARK [3][-]{subsubsection.6.4.3}{\376\377\000D\000a\000t\000a\000\040\000P\000r\000i\000v\000a\000c\000y}{subsection.6.4}% 121
\BOOKMARK [3][-]{subsubsection.6.4.4}{\376\377\000P\000r\000o\000f\000e\000s\000s\000i\000o\000n\000a\000l\000\040\000R\000e\000s\000p\000o\000n\000s\000i\000b\000i\000l\000i\000t\000y}{subsection.6.4}% 122
\BOOKMARK [1][-]{section.7}{\376\377\000C\000o\000n\000c\000l\000u\000s\000i\000o\000n}{}% 123
\BOOKMARK [2][-]{subsection.7.1}{\376\377\000S\000u\000m\000m\000a\000r\000y}{section.7}% 124
\BOOKMARK [2][-]{subsection.7.2}{\376\377\000V\000a\000l\000u\000e\000\040\000P\000r\000o\000p\000o\000s\000i\000t\000i\000o\000n}{section.7}% 125
\BOOKMARK [2][-]{subsection.7.3}{\376\377\000P\000a\000t\000h\000\040\000t\000o\000\040\000P\000r\000o\000d\000u\000c\000t\000i\000o\000n}{section.7}% 126
\BOOKMARK [2][-]{subsection.7.4}{\376\377\000C\000o\000m\000p\000e\000t\000i\000t\000i\000v\000e\000\040\000A\000d\000v\000a\000n\000t\000a\000g\000e\000s}{section.7}% 127
\BOOKMARK [2][-]{subsection.7.5}{\376\377\000N\000e\000x\000t\000\040\000S\000t\000e\000p\000s}{section.7}% 128
\BOOKMARK [2][-]{subsection.7.6}{\376\377\000C\000o\000n\000t\000a\000c\000t\000\040\000I\000n\000f\000o\000r\000m\000a\000t\000i\000o\000n}{section.7}% 129
\BOOKMARK [1][-]{appendix.A}{\376\377\000C\000U\000A\000D\000\040\000L\000a\000b\000e\000l\000\040\000C\000a\000t\000e\000g\000o\000r\000i\000e\000s}{}% 130
\BOOKMARK [1][-]{appendix.B}{\376\377\000C\000o\000m\000m\000o\000n\000\040\000L\000a\000w\000\040\000C\000o\000n\000t\000r\000a\000c\000t\000\040\000I\000n\000t\000e\000r\000p\000r\000e\000t\000a\000t\000i\000o\000n\000\040\000P\000r\000i\000n\000c\000i\000p\000l\000e\000s}{}% 131
\BOOKMARK [2][-]{subsection.B.1}{\376\377\000K\000e\000y\000\040\000P\000r\000i\000n\000c\000i\000p\000l\000e\000s\000\040\000G\000u\000i\000d\000i\000n\000g\000\040\000O\000n\000t\000o\000l\000o\000g\000y\000\040\000D\000e\000s\000i\000g\000n}{appendix.B}% 132
\BOOKMARK [1][-]{appendix.C}{\376\377\000E\000x\000a\000m\000p\000l\000e\000\040\000Q\000u\000e\000r\000i\000e\000s\000\040\000a\000n\000d\000\040\000E\000x\000p\000e\000c\000t\000e\000d\000\040\000O\000u\000t\000p\000u\000t\000s}{}% 133
\BOOKMARK [2][-]{subsection.C.1}{\376\377\000Q\000u\000e\000r\000y\000\040\0001\000:\000\040\000I\000P\000\040\000R\000i\000g\000h\000t\000s\000\040\000I\000n\000q\000u\000i\000r\000y}{appendix.C}% 134
\BOOKMARK [2][-]{subsection.C.2}{\376\377\000Q\000u\000e\000r\000y\000\040\0002\000:\000\040\000N\000o\000n\000-\000C\000o\000m\000p\000e\000t\000e\000\040\000R\000e\000s\000t\000r\000i\000c\000t\000i\000o\000n}{appendix.C}% 135
\BOOKMARK [2][-]{subsection.C.3}{\376\377\000Q\000u\000e\000r\000y\000\040\0003\000:\000\040\000L\000i\000a\000b\000i\000l\000i\000t\000y\000\040\000C\000a\000p}{appendix.C}% 136
\BOOKMARK [1][-]{appendix.D}{\376\377\000T\000e\000c\000h\000n\000o\000l\000o\000g\000y\000\040\000S\000t\000a\000c\000k\000\040\000D\000e\000t\000a\000i\000l\000s}{}% 137
\BOOKMARK [2][-]{subsection.D.1}{\376\377\000L\000L\000M\000\040\000P\000r\000o\000v\000i\000d\000e\000r\000s}{appendix.D}% 138
\BOOKMARK [2][-]{subsection.D.2}{\376\377\000P\000y\000t\000h\000o\000n\000\040\000L\000i\000b\000r\000a\000r\000i\000e\000s}{appendix.D}% 139
